<?xml version="1.0" encoding="UTF-8"?>
<!-- Generated by org.testng.reporters.JUnitReportReporter -->
<testsuite hostname="om-PC" failures="0" tests="6" name="com.durgasoft.parallerexecution.ParallelExecution2" time="0.010" errors="0" timestamp="13 Jul 2018 02:20:47 GMT" skipped="0">
  <testcase classname="com.durgasoft.parallerexecution.ParallelExecution2" name="tc_4" time="0.001"/>
  <testcase classname="com.durgasoft.parallerexecution.ParallelExecution2" name="tc_5" time="0.002"/>
  <testcase classname="com.durgasoft.parallerexecution.ParallelExecution2" name="tc_6" time="0.004"/>
  <testcase classname="com.durgasoft.parallerexecution.ParallelExecution2" name="tc_6" time="0.001"/>
  <testcase classname="com.durgasoft.parallerexecution.ParallelExecution2" name="tc_5" time="0.001"/>
  <testcase classname="com.durgasoft.parallerexecution.ParallelExecution2" name="tc_4" time="0.001"/>
</testsuite> <!-- com.durgasoft.parallerexecution.ParallelExecution2 -->
